[0.539s] Invoking command in '/home/terimayo/ros2_ws/src/mypkg': PYTHONPATH=/home/terimayo/ros2_ws/src/mypkg/build/mypkg/prefix_override:/usr/lib/python3/dist-packages/colcon_core/task/python/colcon_distutils_commands:/home/terimayo/ros2_ws/src/mypkg/install/mypkg/lib/python3.8/site-packages:${PYTHONPATH} /usr/bin/python3 -W ignore:setup.py install is deprecated setup.py egg_info --egg-base build/mypkg build --build-base /home/terimayo/ros2_ws/src/mypkg/build/mypkg/build install --record /home/terimayo/ros2_ws/src/mypkg/build/mypkg/install.log --install-scripts $base/lib/mypkg --single-version-externally-managed install_data
[0.690s] running egg_info
[0.690s] creating build/mypkg/mypkg.egg-info
[0.690s] writing build/mypkg/mypkg.egg-info/PKG-INFO
[0.691s] writing dependency_links to build/mypkg/mypkg.egg-info/dependency_links.txt
[0.691s] writing entry points to build/mypkg/mypkg.egg-info/entry_points.txt
[0.691s] writing requirements to build/mypkg/mypkg.egg-info/requires.txt
[0.691s] writing top-level names to build/mypkg/mypkg.egg-info/top_level.txt
[0.697s] writing manifest file 'build/mypkg/mypkg.egg-info/SOURCES.txt'
[0.720s] reading manifest file 'build/mypkg/mypkg.egg-info/SOURCES.txt'
[0.721s] writing manifest file 'build/mypkg/mypkg.egg-info/SOURCES.txt'
[0.721s] running build
[0.721s] running build_py
[0.721s] creating /home/terimayo/ros2_ws/src/mypkg/build/mypkg/build
[0.721s] creating /home/terimayo/ros2_ws/src/mypkg/build/mypkg/build/lib
[0.721s] creating /home/terimayo/ros2_ws/src/mypkg/build/mypkg/build/lib/mypkg
[0.721s] copying mypkg/talker.py -> /home/terimayo/ros2_ws/src/mypkg/build/mypkg/build/lib/mypkg
[0.722s] copying mypkg/__init__.py -> /home/terimayo/ros2_ws/src/mypkg/build/mypkg/build/lib/mypkg
[0.722s] copying mypkg/listener.py -> /home/terimayo/ros2_ws/src/mypkg/build/mypkg/build/lib/mypkg
[0.723s] running install
[0.724s] running install_lib
[0.724s] creating /home/terimayo/ros2_ws/src/mypkg/install/mypkg/lib/python3.8/site-packages/mypkg
[0.725s] copying /home/terimayo/ros2_ws/src/mypkg/build/mypkg/build/lib/mypkg/talker.py -> /home/terimayo/ros2_ws/src/mypkg/install/mypkg/lib/python3.8/site-packages/mypkg
[0.725s] copying /home/terimayo/ros2_ws/src/mypkg/build/mypkg/build/lib/mypkg/__init__.py -> /home/terimayo/ros2_ws/src/mypkg/install/mypkg/lib/python3.8/site-packages/mypkg
[0.725s] copying /home/terimayo/ros2_ws/src/mypkg/build/mypkg/build/lib/mypkg/listener.py -> /home/terimayo/ros2_ws/src/mypkg/install/mypkg/lib/python3.8/site-packages/mypkg
[0.725s] byte-compiling /home/terimayo/ros2_ws/src/mypkg/install/mypkg/lib/python3.8/site-packages/mypkg/talker.py to talker.cpython-38.pyc
[0.726s] byte-compiling /home/terimayo/ros2_ws/src/mypkg/install/mypkg/lib/python3.8/site-packages/mypkg/__init__.py to __init__.cpython-38.pyc
[0.726s] byte-compiling /home/terimayo/ros2_ws/src/mypkg/install/mypkg/lib/python3.8/site-packages/mypkg/listener.py to listener.cpython-38.pyc
[0.726s] running install_data
[0.726s] creating /home/terimayo/ros2_ws/src/mypkg/install/mypkg/share/ament_index
[0.727s] creating /home/terimayo/ros2_ws/src/mypkg/install/mypkg/share/ament_index/resource_index
[0.727s] creating /home/terimayo/ros2_ws/src/mypkg/install/mypkg/share/ament_index/resource_index/packages
[0.727s] copying resource/mypkg -> /home/terimayo/ros2_ws/src/mypkg/install/mypkg/share/ament_index/resource_index/packages
[0.727s] copying package.xml -> /home/terimayo/ros2_ws/src/mypkg/install/mypkg/share/mypkg
[0.727s] copying launch/talk_listen.launch.py -> /home/terimayo/ros2_ws/src/mypkg/install/mypkg/share/mypkg
[0.727s] running install_egg_info
[0.728s] Copying build/mypkg/mypkg.egg-info to /home/terimayo/ros2_ws/src/mypkg/install/mypkg/lib/python3.8/site-packages/mypkg-0.0.0-py3.8.egg-info
[0.729s] running install_scripts
[0.741s] Installing listener script to /home/terimayo/ros2_ws/src/mypkg/install/mypkg/lib/mypkg
[0.741s] Installing talker script to /home/terimayo/ros2_ws/src/mypkg/install/mypkg/lib/mypkg
[0.741s] writing list of installed files to '/home/terimayo/ros2_ws/src/mypkg/build/mypkg/install.log'
[0.758s] Invoked command in '/home/terimayo/ros2_ws/src/mypkg' returned '0': PYTHONPATH=/home/terimayo/ros2_ws/src/mypkg/build/mypkg/prefix_override:/usr/lib/python3/dist-packages/colcon_core/task/python/colcon_distutils_commands:/home/terimayo/ros2_ws/src/mypkg/install/mypkg/lib/python3.8/site-packages:${PYTHONPATH} /usr/bin/python3 -W ignore:setup.py install is deprecated setup.py egg_info --egg-base build/mypkg build --build-base /home/terimayo/ros2_ws/src/mypkg/build/mypkg/build install --record /home/terimayo/ros2_ws/src/mypkg/build/mypkg/install.log --install-scripts $base/lib/mypkg --single-version-externally-managed install_data
