[0.411s] DEBUG:colcon:Command line arguments: ['/usr/bin/colcon', 'build']
[0.412s] DEBUG:colcon:Parsed command line arguments: Namespace(allow_overriding=[], ament_cmake_args=None, base_paths=['.'], build_base='build', catkin_cmake_args=None, catkin_skip_building_tests=False, cmake_args=None, cmake_clean_cache=False, cmake_clean_first=False, cmake_force_configure=False, cmake_target=None, cmake_target_skip_unavailable=False, continue_on_error=False, event_handlers=None, executor='parallel', ignore_user_meta=False, install_base='install', log_base=None, log_level=None, main=<bound method BuildVerb.main of <colcon_core.verb.build.BuildVerb object at 0x7f0a66208370>>, merge_install=False, metas=['./colcon.meta'], packages_above=None, packages_above_and_dependencies=None, packages_above_depth=None, packages_end=None, packages_ignore=None, packages_ignore_regex=None, packages_select=None, packages_select_build_failed=False, packages_select_by_dep=None, packages_select_regex=None, packages_select_test_failures=False, packages_skip=None, packages_skip_build_finished=False, packages_skip_by_dep=None, packages_skip_regex=None, packages_skip_test_passed=False, packages_skip_up_to=None, packages_start=None, packages_up_to=None, packages_up_to_regex=None, parallel_workers=8, paths=None, symlink_install=False, test_result_base=None, verb_extension=<colcon_core.verb.build.BuildVerb object at 0x7f0a66208370>, verb_name='build', verb_parser=<colcon_defaults.argument_parser.defaults.DefaultArgumentsDecorator object at 0x7f0a662087f0>)
[0.560s] Level 1:colcon.colcon_core.package_discovery:discover_packages(colcon_meta) check parameters
[0.560s] Level 1:colcon.colcon_core.package_discovery:discover_packages(recursive) check parameters
[0.560s] Level 1:colcon.colcon_core.package_discovery:discover_packages(ignore) check parameters
[0.560s] Level 1:colcon.colcon_core.package_discovery:discover_packages(path) check parameters
[0.560s] Level 1:colcon.colcon_core.package_discovery:discover_packages(colcon_meta) discover
[0.560s] Level 1:colcon.colcon_core.package_discovery:discover_packages(recursive) discover
[0.560s] INFO:colcon.colcon_core.package_discovery:Crawling recursively for packages in '/home/terimayo/ros2_ws/src/mypkg'
[0.560s] Level 1:colcon.colcon_core.package_identification:_identify(.) by extensions ['ignore', 'ignore_ament_install']
[0.560s] Level 1:colcon.colcon_core.package_identification:_identify(.) by extension 'ignore'
[0.560s] Level 1:colcon.colcon_core.package_identification:_identify(.) by extension 'ignore_ament_install'
[0.560s] Level 1:colcon.colcon_core.package_identification:_identify(.) by extensions ['colcon_pkg']
[0.561s] Level 1:colcon.colcon_core.package_identification:_identify(.) by extension 'colcon_pkg'
[0.561s] Level 1:colcon.colcon_core.package_identification:_identify(.) by extensions ['colcon_meta']
[0.561s] Level 1:colcon.colcon_core.package_identification:_identify(.) by extension 'colcon_meta'
[0.561s] Level 1:colcon.colcon_core.package_identification:_identify(.) by extensions ['ros']
[0.561s] Level 1:colcon.colcon_core.package_identification:_identify(.) by extension 'ros'
[0.577s] DEBUG:colcon.colcon_core.package_identification:Package '.' with type 'ros.ament_python' and name 'mypkg'
[0.577s] Level 1:colcon.colcon_core.package_discovery:discover_packages(recursive) using defaults
[0.577s] Level 1:colcon.colcon_core.package_discovery:discover_packages(ignore) discover
[0.577s] Level 1:colcon.colcon_core.package_discovery:discover_packages(ignore) using defaults
[0.577s] Level 1:colcon.colcon_core.package_discovery:discover_packages(path) discover
[0.577s] Level 1:colcon.colcon_core.package_discovery:discover_packages(path) using defaults
[0.604s] Level 1:colcon.colcon_core.package_discovery:discover_packages(prefix_path) check parameters
[0.604s] Level 1:colcon.colcon_core.package_discovery:discover_packages(prefix_path) discover
[0.608s] DEBUG:colcon.colcon_installed_package_information.package_discovery:Found 2 installed packages in /home/terimayo/ros2_ws/install
[0.609s] DEBUG:colcon.colcon_installed_package_information.package_discovery:Found 256 installed packages in /opt/ros/foxy
[0.610s] Level 1:colcon.colcon_core.package_discovery:discover_packages(prefix_path) using defaults
[0.722s] Level 5:colcon.colcon_core.verb:set package 'mypkg' build argument 'cmake_args' from command line to 'None'
[0.722s] Level 5:colcon.colcon_core.verb:set package 'mypkg' build argument 'cmake_target' from command line to 'None'
[0.722s] Level 5:colcon.colcon_core.verb:set package 'mypkg' build argument 'cmake_target_skip_unavailable' from command line to 'False'
[0.722s] Level 5:colcon.colcon_core.verb:set package 'mypkg' build argument 'cmake_clean_cache' from command line to 'False'
[0.722s] Level 5:colcon.colcon_core.verb:set package 'mypkg' build argument 'cmake_clean_first' from command line to 'False'
[0.722s] Level 5:colcon.colcon_core.verb:set package 'mypkg' build argument 'cmake_force_configure' from command line to 'False'
[0.722s] Level 5:colcon.colcon_core.verb:set package 'mypkg' build argument 'ament_cmake_args' from command line to 'None'
[0.722s] Level 5:colcon.colcon_core.verb:set package 'mypkg' build argument 'catkin_cmake_args' from command line to 'None'
[0.722s] Level 5:colcon.colcon_core.verb:set package 'mypkg' build argument 'catkin_skip_building_tests' from command line to 'False'
[0.723s] DEBUG:colcon.colcon_core.verb:Building package 'mypkg' with the following arguments: {'ament_cmake_args': None, 'build_base': '/home/terimayo/ros2_ws/src/mypkg/build/mypkg', 'catkin_cmake_args': None, 'catkin_skip_building_tests': False, 'cmake_args': None, 'cmake_clean_cache': False, 'cmake_clean_first': False, 'cmake_force_configure': False, 'cmake_target': None, 'cmake_target_skip_unavailable': False, 'install_base': '/home/terimayo/ros2_ws/src/mypkg/install/mypkg', 'merge_install': False, 'path': '/home/terimayo/ros2_ws/src/mypkg', 'symlink_install': False, 'test_result_base': None}
[0.723s] INFO:colcon.colcon_core.executor:Executing jobs using 'parallel' executor
[0.724s] DEBUG:colcon.colcon_parallel_executor.executor.parallel:run_until_complete
[0.724s] INFO:colcon.colcon_ros.task.ament_python.build:Building ROS package in '/home/terimayo/ros2_ws/src/mypkg' with build type 'ament_python'
[0.725s] Level 1:colcon.colcon_core.shell:create_environment_hook('mypkg', 'ament_prefix_path')
[0.731s] INFO:colcon.colcon_core.plugin_system:Skipping extension 'colcon_core.shell.bat': Not used on non-Windows systems
[0.731s] INFO:colcon.colcon_core.shell:Creating environment hook '/home/terimayo/ros2_ws/src/mypkg/install/mypkg/share/mypkg/hook/ament_prefix_path.ps1'
[0.733s] INFO:colcon.colcon_core.shell:Creating environment descriptor '/home/terimayo/ros2_ws/src/mypkg/install/mypkg/share/mypkg/hook/ament_prefix_path.dsv'
[0.734s] INFO:colcon.colcon_core.shell:Creating environment hook '/home/terimayo/ros2_ws/src/mypkg/install/mypkg/share/mypkg/hook/ament_prefix_path.sh'
[0.735s] INFO:colcon.colcon_core.shell:Skip shell extension 'powershell' for command environment: Not usable outside of PowerShell
[0.735s] DEBUG:colcon.colcon_core.shell:Skip shell extension 'dsv' for command environment
[0.886s] INFO:colcon.colcon_core.task.python.build:Building Python package in '/home/terimayo/ros2_ws/src/mypkg'
[0.887s] INFO:colcon.colcon_core.shell:Skip shell extension 'powershell' for command environment: Not usable outside of PowerShell
[0.887s] DEBUG:colcon.colcon_core.shell:Skip shell extension 'dsv' for command environment
[1.263s] DEBUG:colcon.colcon_core.event_handler.log_command:Invoking command in '/home/terimayo/ros2_ws/src/mypkg': PYTHONPATH=/home/terimayo/ros2_ws/src/mypkg/build/mypkg/prefix_override:/usr/lib/python3/dist-packages/colcon_core/task/python/colcon_distutils_commands:/home/terimayo/ros2_ws/src/mypkg/install/mypkg/lib/python3.8/site-packages:${PYTHONPATH} /usr/bin/python3 -W ignore:setup.py install is deprecated setup.py egg_info --egg-base build/mypkg build --build-base /home/terimayo/ros2_ws/src/mypkg/build/mypkg/build install --record /home/terimayo/ros2_ws/src/mypkg/build/mypkg/install.log --install-scripts $base/lib/mypkg --single-version-externally-managed install_data
[1.482s] DEBUG:colcon.colcon_core.event_handler.log_command:Invoked command in '/home/terimayo/ros2_ws/src/mypkg' returned '0': PYTHONPATH=/home/terimayo/ros2_ws/src/mypkg/build/mypkg/prefix_override:/usr/lib/python3/dist-packages/colcon_core/task/python/colcon_distutils_commands:/home/terimayo/ros2_ws/src/mypkg/install/mypkg/lib/python3.8/site-packages:${PYTHONPATH} /usr/bin/python3 -W ignore:setup.py install is deprecated setup.py egg_info --egg-base build/mypkg build --build-base /home/terimayo/ros2_ws/src/mypkg/build/mypkg/build install --record /home/terimayo/ros2_ws/src/mypkg/build/mypkg/install.log --install-scripts $base/lib/mypkg --single-version-externally-managed install_data
[1.495s] Level 1:colcon.colcon_core.environment:checking '/home/terimayo/ros2_ws/src/mypkg/install/mypkg' for CMake module files
[1.496s] Level 1:colcon.colcon_core.environment:checking '/home/terimayo/ros2_ws/src/mypkg/install/mypkg' for CMake config files
[1.496s] Level 1:colcon.colcon_core.environment:checking '/home/terimayo/ros2_ws/src/mypkg/install/mypkg/lib'
[1.496s] Level 1:colcon.colcon_core.environment:checking '/home/terimayo/ros2_ws/src/mypkg/install/mypkg/bin'
[1.496s] Level 1:colcon.colcon_core.environment:checking '/home/terimayo/ros2_ws/src/mypkg/install/mypkg/lib/pkgconfig/mypkg.pc'
[1.496s] Level 1:colcon.colcon_core.environment:checking '/home/terimayo/ros2_ws/src/mypkg/install/mypkg/lib/python3.8/site-packages'
[1.496s] Level 1:colcon.colcon_core.shell:create_environment_hook('mypkg', 'pythonpath')
[1.497s] INFO:colcon.colcon_core.shell:Creating environment hook '/home/terimayo/ros2_ws/src/mypkg/install/mypkg/share/mypkg/hook/pythonpath.ps1'
[1.497s] INFO:colcon.colcon_core.shell:Creating environment descriptor '/home/terimayo/ros2_ws/src/mypkg/install/mypkg/share/mypkg/hook/pythonpath.dsv'
[1.497s] INFO:colcon.colcon_core.shell:Creating environment hook '/home/terimayo/ros2_ws/src/mypkg/install/mypkg/share/mypkg/hook/pythonpath.sh'
[1.498s] Level 1:colcon.colcon_core.environment:checking '/home/terimayo/ros2_ws/src/mypkg/install/mypkg/bin'
[1.498s] Level 1:colcon.colcon_core.environment:create_environment_scripts_only(mypkg)
[1.498s] INFO:colcon.colcon_core.shell:Creating package script '/home/terimayo/ros2_ws/src/mypkg/install/mypkg/share/mypkg/package.ps1'
[1.499s] INFO:colcon.colcon_core.shell:Creating package descriptor '/home/terimayo/ros2_ws/src/mypkg/install/mypkg/share/mypkg/package.dsv'
[1.500s] INFO:colcon.colcon_core.shell:Creating package script '/home/terimayo/ros2_ws/src/mypkg/install/mypkg/share/mypkg/package.sh'
[1.501s] INFO:colcon.colcon_core.shell:Creating package script '/home/terimayo/ros2_ws/src/mypkg/install/mypkg/share/mypkg/package.bash'
[1.502s] INFO:colcon.colcon_core.shell:Creating package script '/home/terimayo/ros2_ws/src/mypkg/install/mypkg/share/mypkg/package.zsh'
[1.503s] Level 1:colcon.colcon_core.environment:create_file_with_runtime_dependencies(/home/terimayo/ros2_ws/src/mypkg/install/mypkg/share/colcon-core/packages/mypkg)
[1.503s] DEBUG:colcon.colcon_parallel_executor.executor.parallel:closing loop
[1.504s] DEBUG:colcon.colcon_parallel_executor.executor.parallel:loop closed
[1.504s] DEBUG:colcon.colcon_parallel_executor.executor.parallel:run_until_complete finished with '0'
[1.504s] DEBUG:colcon.colcon_core.event_reactor:joining thread
[1.532s] INFO:colcon.colcon_core.plugin_system:Skipping extension 'colcon_notification.desktop_notification.notify_send': Could not find 'notify-send'
[1.532s] INFO:colcon.colcon_core.plugin_system:Skipping extension 'colcon_notification.desktop_notification.terminal_notifier': Not used on non-Darwin systems
[1.532s] INFO:colcon.colcon_core.plugin_system:Skipping extension 'colcon_notification.desktop_notification.win32': Not used on non-Windows systems
[1.532s] INFO:colcon.colcon_notification.desktop_notification:Sending desktop notification using 'notify2'
[1.555s] DEBUG:colcon.colcon_notification.desktop_notification.notify2:Failed to initialize notify2: org.freedesktop.DBus.Error.ServiceUnknown: The name org.freedesktop.Notifications was not provided by any .service files
[1.555s] DEBUG:colcon.colcon_core.event_reactor:joined thread
[1.556s] INFO:colcon.colcon_core.shell:Creating prefix script '/home/terimayo/ros2_ws/src/mypkg/install/local_setup.ps1'
[1.557s] INFO:colcon.colcon_core.shell:Creating prefix util module '/home/terimayo/ros2_ws/src/mypkg/install/_local_setup_util_ps1.py'
[1.558s] INFO:colcon.colcon_core.shell:Creating prefix chain script '/home/terimayo/ros2_ws/src/mypkg/install/setup.ps1'
[1.559s] INFO:colcon.colcon_core.shell:Creating prefix script '/home/terimayo/ros2_ws/src/mypkg/install/local_setup.sh'
[1.560s] INFO:colcon.colcon_core.shell:Creating prefix util module '/home/terimayo/ros2_ws/src/mypkg/install/_local_setup_util_sh.py'
[1.560s] INFO:colcon.colcon_core.shell:Creating prefix chain script '/home/terimayo/ros2_ws/src/mypkg/install/setup.sh'
[1.561s] INFO:colcon.colcon_core.shell:Creating prefix script '/home/terimayo/ros2_ws/src/mypkg/install/local_setup.bash'
[1.562s] INFO:colcon.colcon_core.shell:Creating prefix chain script '/home/terimayo/ros2_ws/src/mypkg/install/setup.bash'
[1.563s] INFO:colcon.colcon_core.shell:Creating prefix script '/home/terimayo/ros2_ws/src/mypkg/install/local_setup.zsh'
[1.563s] INFO:colcon.colcon_core.shell:Creating prefix chain script '/home/terimayo/ros2_ws/src/mypkg/install/setup.zsh'
